2022-02-25 18:45:17.446  INFO 10596 --- [main] com.banktemplate.credit.CreditTest       : Starting CreditTest using Java 11.0.12 on MSKK-YGB-LT7066 with PID 10596 (started by huseyin.ceylan in C:\Users\huseyin.ceylan\Java Spring\BankTemplate)
2022-02-25 18:45:17.455  INFO 10596 --- [main] com.banktemplate.credit.CreditTest       : No active profile set, falling back to default profiles: default
2022-02-25 18:45:18.880  INFO 10596 --- [main] .s.d.r.c.RepositoryConfigurationDelegate : Bootstrapping Spring Data JPA repositories in DEFAULT mode.
2022-02-25 18:45:18.952  INFO 10596 --- [main] .s.d.r.c.RepositoryConfigurationDelegate : Finished Spring Data repository scanning in 58 ms. Found 1 JPA repository interfaces.
2022-02-25 18:45:19.676  INFO 10596 --- [main] com.zaxxer.hikari.HikariDataSource       : HikariPool-1 - Starting...
2022-02-25 18:45:20.744  INFO 10596 --- [main] com.zaxxer.hikari.HikariDataSource       : HikariPool-1 - Start completed.
2022-02-25 18:45:20.839  INFO 10596 --- [main] o.hibernate.jpa.internal.util.LogHelper  : HHH000204: Processing PersistenceUnitInfo [name: default]
2022-02-25 18:45:20.944  INFO 10596 --- [main] org.hibernate.Version                    : HHH000412: Hibernate ORM core version 5.6.4.Final
2022-02-25 18:45:21.266  INFO 10596 --- [main] o.hibernate.annotations.common.Version   : HCANN000001: Hibernate Commons Annotations {5.1.2.Final}
2022-02-25 18:45:21.501  INFO 10596 --- [main] org.hibernate.dialect.Dialect            : HHH000400: Using dialect: org.hibernate.dialect.MySQL5Dialect
2022-02-25 18:45:22.415  INFO 10596 --- [main] o.h.e.t.j.p.i.JtaPlatformInitiator       : HHH000490: Using JtaPlatform implementation: [org.hibernate.engine.transaction.jta.platform.internal.NoJtaPlatform]
2022-02-25 18:45:22.427  INFO 10596 --- [main] j.LocalContainerEntityManagerFactoryBean : Initialized JPA EntityManagerFactory for persistence unit 'default'
2022-02-25 18:45:23.427  WARN 10596 --- [main] JpaBaseConfiguration$JpaWebConfiguration : spring.jpa.open-in-view is enabled by default. Therefore, database queries may be performed during view rendering. Explicitly configure spring.jpa.open-in-view to disable this warning
2022-02-25 18:45:25.718  INFO 10596 --- [main] o.s.b.a.e.web.EndpointLinksResolver      : Exposing 1 endpoint(s) beneath base path '/actuator'
2022-02-25 18:45:25.795  INFO 10596 --- [main] com.banktemplate.credit.CreditTest       : Started CreditTest in 8.901 seconds (JVM running for 12.502)
2022-02-25 18:45:26.199  WARN 10596 --- [main] o.h.engine.jdbc.spi.SqlExceptionHelper   : SQL Error: 1062, SQLState: 23000
2022-02-25 18:45:26.200 ERROR 10596 --- [main] o.h.engine.jdbc.spi.SqlExceptionHelper   : Duplicate entry '12345678902' for key 'credit_responses.identity_number_UNIQUE'
2022-02-25 18:45:26.277  WARN 10596 --- [main] o.h.engine.jdbc.spi.SqlExceptionHelper   : SQL Error: 1062, SQLState: 23000
2022-02-25 18:45:26.278 ERROR 10596 --- [main] o.h.engine.jdbc.spi.SqlExceptionHelper   : Duplicate entry '12345678902' for key 'credit_responses.identity_number_UNIQUE'
2022-02-25 18:45:26.302  INFO 10596 --- [SpringApplicationShutdownHook] j.LocalContainerEntityManagerFactoryBean : Closing JPA EntityManagerFactory for persistence unit 'default'
2022-02-25 18:45:26.305  INFO 10596 --- [SpringApplicationShutdownHook] com.zaxxer.hikari.HikariDataSource       : HikariPool-1 - Shutdown initiated...
2022-02-25 18:45:26.321  INFO 10596 --- [SpringApplicationShutdownHook] com.zaxxer.hikari.HikariDataSource       : HikariPool-1 - Shutdown completed.
2022-02-25 18:46:57.725  INFO 11208 --- [main] com.banktemplate.credit.CreditTest       : Starting CreditTest using Java 11.0.12 on MSKK-YGB-LT7066 with PID 11208 (started by huseyin.ceylan in C:\Users\huseyin.ceylan\Java Spring\BankTemplate)
2022-02-25 18:46:57.727  INFO 11208 --- [main] com.banktemplate.credit.CreditTest       : No active profile set, falling back to default profiles: default
2022-02-25 18:46:59.352  INFO 11208 --- [main] .s.d.r.c.RepositoryConfigurationDelegate : Bootstrapping Spring Data JPA repositories in DEFAULT mode.
2022-02-25 18:46:59.429  INFO 11208 --- [main] .s.d.r.c.RepositoryConfigurationDelegate : Finished Spring Data repository scanning in 65 ms. Found 1 JPA repository interfaces.
2022-02-25 18:47:00.313  INFO 11208 --- [main] com.zaxxer.hikari.HikariDataSource       : HikariPool-1 - Starting...
2022-02-25 18:47:01.359  INFO 11208 --- [main] com.zaxxer.hikari.HikariDataSource       : HikariPool-1 - Start completed.
2022-02-25 18:47:01.462  INFO 11208 --- [main] o.hibernate.jpa.internal.util.LogHelper  : HHH000204: Processing PersistenceUnitInfo [name: default]
2022-02-25 18:47:01.590  INFO 11208 --- [main] org.hibernate.Version                    : HHH000412: Hibernate ORM core version 5.6.4.Final
2022-02-25 18:47:01.938  INFO 11208 --- [main] o.hibernate.annotations.common.Version   : HCANN000001: Hibernate Commons Annotations {5.1.2.Final}
2022-02-25 18:47:02.155  INFO 11208 --- [main] org.hibernate.dialect.Dialect            : HHH000400: Using dialect: org.hibernate.dialect.MySQL5Dialect
2022-02-25 18:47:03.194  INFO 11208 --- [main] o.h.e.t.j.p.i.JtaPlatformInitiator       : HHH000490: Using JtaPlatform implementation: [org.hibernate.engine.transaction.jta.platform.internal.NoJtaPlatform]
2022-02-25 18:47:03.214  INFO 11208 --- [main] j.LocalContainerEntityManagerFactoryBean : Initialized JPA EntityManagerFactory for persistence unit 'default'
2022-02-25 18:47:04.359  WARN 11208 --- [main] JpaBaseConfiguration$JpaWebConfiguration : spring.jpa.open-in-view is enabled by default. Therefore, database queries may be performed during view rendering. Explicitly configure spring.jpa.open-in-view to disable this warning
2022-02-25 18:47:06.906  INFO 11208 --- [main] o.s.b.a.e.web.EndpointLinksResolver      : Exposing 1 endpoint(s) beneath base path '/actuator'
2022-02-25 18:47:06.990  INFO 11208 --- [main] com.banktemplate.credit.CreditTest       : Started CreditTest in 10.034 seconds (JVM running for 12.594)
2022-02-25 18:53:05.320  WARN 11208 --- [HikariPool-1 housekeeper] com.zaxxer.hikari.pool.HikariPool        : HikariPool-1 - Thread starvation or clock leap detected (housekeeper delta=6m3s857ms955µs).
2022-02-25 18:53:05.377  INFO 11208 --- [SpringApplicationShutdownHook] j.LocalContainerEntityManagerFactoryBean : Closing JPA EntityManagerFactory for persistence unit 'default'
2022-02-25 18:53:05.387  INFO 11208 --- [SpringApplicationShutdownHook] com.zaxxer.hikari.HikariDataSource       : HikariPool-1 - Shutdown initiated...
2022-02-25 18:53:05.415  INFO 11208 --- [SpringApplicationShutdownHook] com.zaxxer.hikari.HikariDataSource       : HikariPool-1 - Shutdown completed.
2022-02-25 18:53:12.468  INFO 22592 --- [main] com.banktemplate.credit.CreditTest       : Starting CreditTest using Java 11.0.12 on MSKK-YGB-LT7066 with PID 22592 (started by huseyin.ceylan in C:\Users\huseyin.ceylan\Java Spring\BankTemplate)
2022-02-25 18:53:12.470  INFO 22592 --- [main] com.banktemplate.credit.CreditTest       : No active profile set, falling back to default profiles: default
2022-02-25 18:53:14.582  INFO 22592 --- [main] .s.d.r.c.RepositoryConfigurationDelegate : Bootstrapping Spring Data JPA repositories in DEFAULT mode.
2022-02-25 18:53:14.709  INFO 22592 --- [main] .s.d.r.c.RepositoryConfigurationDelegate : Finished Spring Data repository scanning in 103 ms. Found 1 JPA repository interfaces.
2022-02-25 18:53:16.001  INFO 22592 --- [main] com.zaxxer.hikari.HikariDataSource       : HikariPool-1 - Starting...
2022-02-25 18:53:17.429  INFO 22592 --- [main] com.zaxxer.hikari.HikariDataSource       : HikariPool-1 - Start completed.
2022-02-25 18:53:17.550  INFO 22592 --- [main] o.hibernate.jpa.internal.util.LogHelper  : HHH000204: Processing PersistenceUnitInfo [name: default]
2022-02-25 18:53:17.724  INFO 22592 --- [main] org.hibernate.Version                    : HHH000412: Hibernate ORM core version 5.6.4.Final
2022-02-25 18:53:18.203  INFO 22592 --- [main] o.hibernate.annotations.common.Version   : HCANN000001: Hibernate Commons Annotations {5.1.2.Final}
2022-02-25 18:53:18.552  INFO 22592 --- [main] org.hibernate.dialect.Dialect            : HHH000400: Using dialect: org.hibernate.dialect.MySQL5Dialect
2022-02-25 18:53:19.872  INFO 22592 --- [main] o.h.e.t.j.p.i.JtaPlatformInitiator       : HHH000490: Using JtaPlatform implementation: [org.hibernate.engine.transaction.jta.platform.internal.NoJtaPlatform]
2022-02-25 18:53:19.896  INFO 22592 --- [main] j.LocalContainerEntityManagerFactoryBean : Initialized JPA EntityManagerFactory for persistence unit 'default'
2022-02-25 18:53:21.720  WARN 22592 --- [main] JpaBaseConfiguration$JpaWebConfiguration : spring.jpa.open-in-view is enabled by default. Therefore, database queries may be performed during view rendering. Explicitly configure spring.jpa.open-in-view to disable this warning
2022-02-25 18:53:25.844  INFO 22592 --- [main] o.s.b.a.e.web.EndpointLinksResolver      : Exposing 1 endpoint(s) beneath base path '/actuator'
2022-02-25 18:53:26.109  INFO 22592 --- [main] com.banktemplate.credit.CreditTest       : Started CreditTest in 14.169 seconds (JVM running for 16.06)
2022-02-25 18:53:47.453  INFO 22592 --- [SpringApplicationShutdownHook] j.LocalContainerEntityManagerFactoryBean : Closing JPA EntityManagerFactory for persistence unit 'default'
2022-02-25 18:53:47.461  INFO 22592 --- [SpringApplicationShutdownHook] com.zaxxer.hikari.HikariDataSource       : HikariPool-1 - Shutdown initiated...
2022-02-25 18:53:47.483  INFO 22592 --- [SpringApplicationShutdownHook] com.zaxxer.hikari.HikariDataSource       : HikariPool-1 - Shutdown completed.
2022-02-25 18:54:22.812  INFO 26196 --- [main] com.banktemplate.credit.CreditTest       : Starting CreditTest using Java 11.0.12 on MSKK-YGB-LT7066 with PID 26196 (started by huseyin.ceylan in C:\Users\huseyin.ceylan\Java Spring\BankTemplate)
2022-02-25 18:54:22.814  INFO 26196 --- [main] com.banktemplate.credit.CreditTest       : No active profile set, falling back to default profiles: default
2022-02-25 18:54:24.699  INFO 26196 --- [main] .s.d.r.c.RepositoryConfigurationDelegate : Bootstrapping Spring Data JPA repositories in DEFAULT mode.
2022-02-25 18:54:24.829  INFO 26196 --- [main] .s.d.r.c.RepositoryConfigurationDelegate : Finished Spring Data repository scanning in 105 ms. Found 1 JPA repository interfaces.
2022-02-25 18:54:26.047  INFO 26196 --- [main] com.zaxxer.hikari.HikariDataSource       : HikariPool-1 - Starting...
2022-02-25 18:54:27.457  INFO 26196 --- [main] com.zaxxer.hikari.HikariDataSource       : HikariPool-1 - Start completed.
2022-02-25 18:54:27.606  INFO 26196 --- [main] o.hibernate.jpa.internal.util.LogHelper  : HHH000204: Processing PersistenceUnitInfo [name: default]
2022-02-25 18:54:27.839  INFO 26196 --- [main] org.hibernate.Version                    : HHH000412: Hibernate ORM core version 5.6.4.Final
2022-02-25 18:54:28.541  INFO 26196 --- [main] o.hibernate.annotations.common.Version   : HCANN000001: Hibernate Commons Annotations {5.1.2.Final}
2022-02-25 18:54:28.926  INFO 26196 --- [main] org.hibernate.dialect.Dialect            : HHH000400: Using dialect: org.hibernate.dialect.MySQL5Dialect
2022-02-25 18:54:30.418  INFO 26196 --- [main] o.h.e.t.j.p.i.JtaPlatformInitiator       : HHH000490: Using JtaPlatform implementation: [org.hibernate.engine.transaction.jta.platform.internal.NoJtaPlatform]
2022-02-25 18:54:30.451  INFO 26196 --- [main] j.LocalContainerEntityManagerFactoryBean : Initialized JPA EntityManagerFactory for persistence unit 'default'
2022-02-25 18:54:32.409  WARN 26196 --- [main] JpaBaseConfiguration$JpaWebConfiguration : spring.jpa.open-in-view is enabled by default. Therefore, database queries may be performed during view rendering. Explicitly configure spring.jpa.open-in-view to disable this warning
2022-02-25 18:54:35.700  INFO 26196 --- [main] o.s.b.a.e.web.EndpointLinksResolver      : Exposing 1 endpoint(s) beneath base path '/actuator'
2022-02-25 18:54:35.826  INFO 26196 --- [main] com.banktemplate.credit.CreditTest       : Started CreditTest in 13.695 seconds (JVM running for 16.402)
2022-02-25 18:54:40.672  INFO 26196 --- [SpringApplicationShutdownHook] j.LocalContainerEntityManagerFactoryBean : Closing JPA EntityManagerFactory for persistence unit 'default'
2022-02-25 18:54:40.680  INFO 26196 --- [SpringApplicationShutdownHook] com.zaxxer.hikari.HikariDataSource       : HikariPool-1 - Shutdown initiated...
2022-02-25 18:54:40.707  INFO 26196 --- [SpringApplicationShutdownHook] com.zaxxer.hikari.HikariDataSource       : HikariPool-1 - Shutdown completed.
2022-02-25 18:56:55.959  INFO 37416 --- [main] com.banktemplate.credit.CreditTest       : Starting CreditTest using Java 11.0.12 on MSKK-YGB-LT7066 with PID 37416 (started by huseyin.ceylan in C:\Users\huseyin.ceylan\Java Spring\BankTemplate)
2022-02-25 18:56:55.960  INFO 37416 --- [main] com.banktemplate.credit.CreditTest       : No active profile set, falling back to default profiles: default
2022-02-25 18:56:57.420  INFO 37416 --- [main] .s.d.r.c.RepositoryConfigurationDelegate : Bootstrapping Spring Data JPA repositories in DEFAULT mode.
2022-02-25 18:56:57.492  INFO 37416 --- [main] .s.d.r.c.RepositoryConfigurationDelegate : Finished Spring Data repository scanning in 60 ms. Found 1 JPA repository interfaces.
2022-02-25 18:56:58.257  INFO 37416 --- [main] com.zaxxer.hikari.HikariDataSource       : HikariPool-1 - Starting...
2022-02-25 18:56:59.149  INFO 37416 --- [main] com.zaxxer.hikari.HikariDataSource       : HikariPool-1 - Start completed.
2022-02-25 18:56:59.225  INFO 37416 --- [main] o.hibernate.jpa.internal.util.LogHelper  : HHH000204: Processing PersistenceUnitInfo [name: default]
2022-02-25 18:56:59.323  INFO 37416 --- [main] org.hibernate.Version                    : HHH000412: Hibernate ORM core version 5.6.4.Final
2022-02-25 18:56:59.682  INFO 37416 --- [main] o.hibernate.annotations.common.Version   : HCANN000001: Hibernate Commons Annotations {5.1.2.Final}
2022-02-25 18:56:59.877  INFO 37416 --- [main] org.hibernate.dialect.Dialect            : HHH000400: Using dialect: org.hibernate.dialect.MySQL5Dialect
2022-02-25 18:57:00.855  INFO 37416 --- [main] o.h.e.t.j.p.i.JtaPlatformInitiator       : HHH000490: Using JtaPlatform implementation: [org.hibernate.engine.transaction.jta.platform.internal.NoJtaPlatform]
2022-02-25 18:57:00.873  INFO 37416 --- [main] j.LocalContainerEntityManagerFactoryBean : Initialized JPA EntityManagerFactory for persistence unit 'default'
2022-02-25 18:57:01.906  WARN 37416 --- [main] JpaBaseConfiguration$JpaWebConfiguration : spring.jpa.open-in-view is enabled by default. Therefore, database queries may be performed during view rendering. Explicitly configure spring.jpa.open-in-view to disable this warning
2022-02-25 18:57:04.328  INFO 37416 --- [main] o.s.b.a.e.web.EndpointLinksResolver      : Exposing 1 endpoint(s) beneath base path '/actuator'
2022-02-25 18:57:04.398  INFO 37416 --- [main] com.banktemplate.credit.CreditTest       : Started CreditTest in 9.049 seconds (JVM running for 11.401)
2022-02-25 18:57:04.935  INFO 37416 --- [SpringApplicationShutdownHook] j.LocalContainerEntityManagerFactoryBean : Closing JPA EntityManagerFactory for persistence unit 'default'
2022-02-25 18:57:04.939  INFO 37416 --- [SpringApplicationShutdownHook] com.zaxxer.hikari.HikariDataSource       : HikariPool-1 - Shutdown initiated...
2022-02-25 18:57:04.954  INFO 37416 --- [SpringApplicationShutdownHook] com.zaxxer.hikari.HikariDataSource       : HikariPool-1 - Shutdown completed.
2022-02-25 18:57:18.862  INFO 35268 --- [main] com.banktemplate.credit.CreditTest       : Starting CreditTest using Java 11.0.12 on MSKK-YGB-LT7066 with PID 35268 (started by huseyin.ceylan in C:\Users\huseyin.ceylan\Java Spring\BankTemplate)
2022-02-25 18:57:18.864  INFO 35268 --- [main] com.banktemplate.credit.CreditTest       : No active profile set, falling back to default profiles: default
2022-02-25 18:57:20.677  INFO 35268 --- [main] .s.d.r.c.RepositoryConfigurationDelegate : Bootstrapping Spring Data JPA repositories in DEFAULT mode.
2022-02-25 18:57:20.777  INFO 35268 --- [main] .s.d.r.c.RepositoryConfigurationDelegate : Finished Spring Data repository scanning in 84 ms. Found 1 JPA repository interfaces.
2022-02-25 18:57:21.581  INFO 35268 --- [main] com.zaxxer.hikari.HikariDataSource       : HikariPool-1 - Starting...
2022-02-25 18:57:22.569  INFO 35268 --- [main] com.zaxxer.hikari.HikariDataSource       : HikariPool-1 - Start completed.
2022-02-25 18:57:22.657  INFO 35268 --- [main] o.hibernate.jpa.internal.util.LogHelper  : HHH000204: Processing PersistenceUnitInfo [name: default]
2022-02-25 18:57:22.751  INFO 35268 --- [main] org.hibernate.Version                    : HHH000412: Hibernate ORM core version 5.6.4.Final
2022-02-25 18:57:23.061  INFO 35268 --- [main] o.hibernate.annotations.common.Version   : HCANN000001: Hibernate Commons Annotations {5.1.2.Final}
2022-02-25 18:57:23.237  INFO 35268 --- [main] org.hibernate.dialect.Dialect            : HHH000400: Using dialect: org.hibernate.dialect.MySQL5Dialect
2022-02-25 18:57:24.065  INFO 35268 --- [main] o.h.e.t.j.p.i.JtaPlatformInitiator       : HHH000490: Using JtaPlatform implementation: [org.hibernate.engine.transaction.jta.platform.internal.NoJtaPlatform]
2022-02-25 18:57:24.080  INFO 35268 --- [main] j.LocalContainerEntityManagerFactoryBean : Initialized JPA EntityManagerFactory for persistence unit 'default'
2022-02-25 18:57:25.074  WARN 35268 --- [main] JpaBaseConfiguration$JpaWebConfiguration : spring.jpa.open-in-view is enabled by default. Therefore, database queries may be performed during view rendering. Explicitly configure spring.jpa.open-in-view to disable this warning
2022-02-25 18:57:27.178  INFO 35268 --- [main] o.s.b.a.e.web.EndpointLinksResolver      : Exposing 1 endpoint(s) beneath base path '/actuator'
2022-02-25 18:57:27.287  INFO 35268 --- [main] com.banktemplate.credit.CreditTest       : Started CreditTest in 9.2 seconds (JVM running for 11.085)
2022-02-25 18:57:27.940  INFO 35268 --- [SpringApplicationShutdownHook] j.LocalContainerEntityManagerFactoryBean : Closing JPA EntityManagerFactory for persistence unit 'default'
2022-02-25 18:57:27.945  INFO 35268 --- [SpringApplicationShutdownHook] com.zaxxer.hikari.HikariDataSource       : HikariPool-1 - Shutdown initiated...
2022-02-25 18:57:27.962  INFO 35268 --- [SpringApplicationShutdownHook] com.zaxxer.hikari.HikariDataSource       : HikariPool-1 - Shutdown completed.
2022-02-25 18:59:49.938  INFO 12876 --- [main] com.banktemplate.credit.CreditTest       : Starting CreditTest using Java 11.0.12 on MSKK-YGB-LT7066 with PID 12876 (started by huseyin.ceylan in C:\Users\huseyin.ceylan\Java Spring\BankTemplate)
2022-02-25 18:59:49.939  INFO 12876 --- [main] com.banktemplate.credit.CreditTest       : No active profile set, falling back to default profiles: default
2022-02-25 18:59:51.235  INFO 12876 --- [main] .s.d.r.c.RepositoryConfigurationDelegate : Bootstrapping Spring Data JPA repositories in DEFAULT mode.
2022-02-25 18:59:51.304  INFO 12876 --- [main] .s.d.r.c.RepositoryConfigurationDelegate : Finished Spring Data repository scanning in 55 ms. Found 1 JPA repository interfaces.
2022-02-25 18:59:52.005  INFO 12876 --- [main] com.zaxxer.hikari.HikariDataSource       : HikariPool-1 - Starting...
2022-02-25 18:59:52.896  INFO 12876 --- [main] com.zaxxer.hikari.HikariDataSource       : HikariPool-1 - Start completed.
2022-02-25 18:59:52.971  INFO 12876 --- [main] o.hibernate.jpa.internal.util.LogHelper  : HHH000204: Processing PersistenceUnitInfo [name: default]
2022-02-25 18:59:53.073  INFO 12876 --- [main] org.hibernate.Version                    : HHH000412: Hibernate ORM core version 5.6.4.Final
2022-02-25 18:59:53.384  INFO 12876 --- [main] o.hibernate.annotations.common.Version   : HCANN000001: Hibernate Commons Annotations {5.1.2.Final}
2022-02-25 18:59:53.554  INFO 12876 --- [main] org.hibernate.dialect.Dialect            : HHH000400: Using dialect: org.hibernate.dialect.MySQL5Dialect
2022-02-25 18:59:54.253  INFO 12876 --- [main] o.h.e.t.j.p.i.JtaPlatformInitiator       : HHH000490: Using JtaPlatform implementation: [org.hibernate.engine.transaction.jta.platform.internal.NoJtaPlatform]
2022-02-25 18:59:54.263  INFO 12876 --- [main] j.LocalContainerEntityManagerFactoryBean : Initialized JPA EntityManagerFactory for persistence unit 'default'
2022-02-25 18:59:55.135  WARN 12876 --- [main] JpaBaseConfiguration$JpaWebConfiguration : spring.jpa.open-in-view is enabled by default. Therefore, database queries may be performed during view rendering. Explicitly configure spring.jpa.open-in-view to disable this warning
2022-02-25 18:59:57.248  INFO 12876 --- [main] o.s.b.a.e.web.EndpointLinksResolver      : Exposing 1 endpoint(s) beneath base path '/actuator'
2022-02-25 18:59:57.329  INFO 12876 --- [main] com.banktemplate.credit.CreditTest       : Started CreditTest in 8.217 seconds (JVM running for 10.561)
2022-02-25 18:59:58.006  INFO 12876 --- [SpringApplicationShutdownHook] j.LocalContainerEntityManagerFactoryBean : Closing JPA EntityManagerFactory for persistence unit 'default'
2022-02-25 18:59:58.011  INFO 12876 --- [SpringApplicationShutdownHook] com.zaxxer.hikari.HikariDataSource       : HikariPool-1 - Shutdown initiated...
2022-02-25 18:59:58.028  INFO 12876 --- [SpringApplicationShutdownHook] com.zaxxer.hikari.HikariDataSource       : HikariPool-1 - Shutdown completed.
2022-02-25 19:04:27.295  INFO 14860 --- [main] com.banktemplate.credit.CreditTest       : Starting CreditTest using Java 11.0.12 on MSKK-YGB-LT7066 with PID 14860 (started by huseyin.ceylan in C:\Users\huseyin.ceylan\Java Spring\BankTemplate)
2022-02-25 19:04:27.297  INFO 14860 --- [main] com.banktemplate.credit.CreditTest       : No active profile set, falling back to default profiles: default
2022-02-25 19:04:28.900  INFO 14860 --- [main] .s.d.r.c.RepositoryConfigurationDelegate : Bootstrapping Spring Data JPA repositories in DEFAULT mode.
2022-02-25 19:04:28.975  INFO 14860 --- [main] .s.d.r.c.RepositoryConfigurationDelegate : Finished Spring Data repository scanning in 62 ms. Found 1 JPA repository interfaces.
2022-02-25 19:04:29.746  INFO 14860 --- [main] com.zaxxer.hikari.HikariDataSource       : HikariPool-1 - Starting...
2022-02-25 19:04:30.636  INFO 14860 --- [main] com.zaxxer.hikari.HikariDataSource       : HikariPool-1 - Start completed.
2022-02-25 19:04:30.719  INFO 14860 --- [main] o.hibernate.jpa.internal.util.LogHelper  : HHH000204: Processing PersistenceUnitInfo [name: default]
2022-02-25 19:04:30.801  INFO 14860 --- [main] org.hibernate.Version                    : HHH000412: Hibernate ORM core version 5.6.4.Final
2022-02-25 19:04:31.120  INFO 14860 --- [main] o.hibernate.annotations.common.Version   : HCANN000001: Hibernate Commons Annotations {5.1.2.Final}
2022-02-25 19:04:31.291  INFO 14860 --- [main] org.hibernate.dialect.Dialect            : HHH000400: Using dialect: org.hibernate.dialect.MySQL5Dialect
2022-02-25 19:04:32.120  INFO 14860 --- [main] o.h.e.t.j.p.i.JtaPlatformInitiator       : HHH000490: Using JtaPlatform implementation: [org.hibernate.engine.transaction.jta.platform.internal.NoJtaPlatform]
2022-02-25 19:04:32.133  INFO 14860 --- [main] j.LocalContainerEntityManagerFactoryBean : Initialized JPA EntityManagerFactory for persistence unit 'default'
2022-02-25 19:04:33.062  WARN 14860 --- [main] JpaBaseConfiguration$JpaWebConfiguration : spring.jpa.open-in-view is enabled by default. Therefore, database queries may be performed during view rendering. Explicitly configure spring.jpa.open-in-view to disable this warning
2022-02-25 19:04:35.271  INFO 14860 --- [main] o.s.b.a.e.web.EndpointLinksResolver      : Exposing 1 endpoint(s) beneath base path '/actuator'
2022-02-25 19:04:35.404  INFO 14860 --- [main] com.banktemplate.credit.CreditTest       : Started CreditTest in 8.925 seconds (JVM running for 12.246)
2022-02-25 19:04:36.119  INFO 14860 --- [SpringApplicationShutdownHook] j.LocalContainerEntityManagerFactoryBean : Closing JPA EntityManagerFactory for persistence unit 'default'
2022-02-25 19:04:36.125  INFO 14860 --- [SpringApplicationShutdownHook] com.zaxxer.hikari.HikariDataSource       : HikariPool-1 - Shutdown initiated...
2022-02-25 19:04:36.145  INFO 14860 --- [SpringApplicationShutdownHook] com.zaxxer.hikari.HikariDataSource       : HikariPool-1 - Shutdown completed.
2022-02-25 19:04:59.944  INFO 29008 --- [main] com.banktemplate.credit.CreditTest       : Starting CreditTest using Java 11.0.12 on MSKK-YGB-LT7066 with PID 29008 (started by huseyin.ceylan in C:\Users\huseyin.ceylan\Java Spring\BankTemplate)
2022-02-25 19:04:59.946  INFO 29008 --- [main] com.banktemplate.credit.CreditTest       : No active profile set, falling back to default profiles: default
2022-02-25 19:05:02.044  INFO 29008 --- [main] .s.d.r.c.RepositoryConfigurationDelegate : Bootstrapping Spring Data JPA repositories in DEFAULT mode.
2022-02-25 19:05:02.165  INFO 29008 --- [main] .s.d.r.c.RepositoryConfigurationDelegate : Finished Spring Data repository scanning in 101 ms. Found 1 JPA repository interfaces.
2022-02-25 19:05:03.404  INFO 29008 --- [main] com.zaxxer.hikari.HikariDataSource       : HikariPool-1 - Starting...
2022-02-25 19:05:05.083  INFO 29008 --- [main] com.zaxxer.hikari.HikariDataSource       : HikariPool-1 - Start completed.
2022-02-25 19:05:05.227  INFO 29008 --- [main] o.hibernate.jpa.internal.util.LogHelper  : HHH000204: Processing PersistenceUnitInfo [name: default]
2022-02-25 19:05:05.427  INFO 29008 --- [main] org.hibernate.Version                    : HHH000412: Hibernate ORM core version 5.6.4.Final
2022-02-25 19:05:05.969  INFO 29008 --- [main] o.hibernate.annotations.common.Version   : HCANN000001: Hibernate Commons Annotations {5.1.2.Final}
2022-02-25 19:05:06.423  INFO 29008 --- [main] org.hibernate.dialect.Dialect            : HHH000400: Using dialect: org.hibernate.dialect.MySQL5Dialect
2022-02-25 19:05:07.968  INFO 29008 --- [main] o.h.e.t.j.p.i.JtaPlatformInitiator       : HHH000490: Using JtaPlatform implementation: [org.hibernate.engine.transaction.jta.platform.internal.NoJtaPlatform]
2022-02-25 19:05:07.995  INFO 29008 --- [main] j.LocalContainerEntityManagerFactoryBean : Initialized JPA EntityManagerFactory for persistence unit 'default'
2022-02-25 19:05:09.791  WARN 29008 --- [main] JpaBaseConfiguration$JpaWebConfiguration : spring.jpa.open-in-view is enabled by default. Therefore, database queries may be performed during view rendering. Explicitly configure spring.jpa.open-in-view to disable this warning
2022-02-25 19:05:13.660  INFO 29008 --- [main] o.s.b.a.e.web.EndpointLinksResolver      : Exposing 1 endpoint(s) beneath base path '/actuator'
2022-02-25 19:05:13.822  INFO 29008 --- [main] com.banktemplate.credit.CreditTest       : Started CreditTest in 14.435 seconds (JVM running for 16.81)
2022-02-25 19:05:45.307  INFO 29008 --- [SpringApplicationShutdownHook] j.LocalContainerEntityManagerFactoryBean : Closing JPA EntityManagerFactory for persistence unit 'default'
2022-02-25 19:05:45.316  INFO 29008 --- [SpringApplicationShutdownHook] com.zaxxer.hikari.HikariDataSource       : HikariPool-1 - Shutdown initiated...
2022-02-25 19:05:45.337  INFO 29008 --- [SpringApplicationShutdownHook] com.zaxxer.hikari.HikariDataSource       : HikariPool-1 - Shutdown completed.
2022-02-25 19:09:42.129  INFO 25552 --- [main] com.banktemplate.credit.CreditTest       : Starting CreditTest using Java 11.0.12 on MSKK-YGB-LT7066 with PID 25552 (started by huseyin.ceylan in C:\Users\huseyin.ceylan\Java Spring\BankTemplate)
2022-02-25 19:09:42.132  INFO 25552 --- [main] com.banktemplate.credit.CreditTest       : No active profile set, falling back to default profiles: default
2022-02-25 19:09:45.036  INFO 25552 --- [main] .s.d.r.c.RepositoryConfigurationDelegate : Bootstrapping Spring Data JPA repositories in DEFAULT mode.
2022-02-25 19:09:45.167  INFO 25552 --- [main] .s.d.r.c.RepositoryConfigurationDelegate : Finished Spring Data repository scanning in 105 ms. Found 1 JPA repository interfaces.
2022-02-25 19:09:46.900  INFO 25552 --- [main] com.zaxxer.hikari.HikariDataSource       : HikariPool-1 - Starting...
2022-02-25 19:09:47.389  INFO 5440 --- [main] com.banktemplate.credit.CreditTest       : Starting CreditTest using Java 11.0.12 on MSKK-YGB-LT7066 with PID 5440 (started by huseyin.ceylan in C:\Users\huseyin.ceylan\Java Spring\BankTemplate)
2022-02-25 19:09:47.392  INFO 5440 --- [main] com.banktemplate.credit.CreditTest       : No active profile set, falling back to default profiles: default
2022-02-25 19:09:49.549  INFO 25552 --- [main] com.zaxxer.hikari.HikariDataSource       : HikariPool-1 - Start completed.
2022-02-25 19:09:49.771  INFO 25552 --- [main] o.hibernate.jpa.internal.util.LogHelper  : HHH000204: Processing PersistenceUnitInfo [name: default]
2022-02-25 19:09:50.037  INFO 25552 --- [main] org.hibernate.Version                    : HHH000412: Hibernate ORM core version 5.6.4.Final
2022-02-25 19:09:50.618  INFO 25552 --- [main] o.hibernate.annotations.common.Version   : HCANN000001: Hibernate Commons Annotations {5.1.2.Final}
2022-02-25 19:09:50.968  INFO 25552 --- [main] org.hibernate.dialect.Dialect            : HHH000400: Using dialect: org.hibernate.dialect.MySQL5Dialect
2022-02-25 19:09:51.609  INFO 5440 --- [main] .s.d.r.c.RepositoryConfigurationDelegate : Bootstrapping Spring Data JPA repositories in DEFAULT mode.
2022-02-25 19:09:51.836  INFO 5440 --- [main] .s.d.r.c.RepositoryConfigurationDelegate : Finished Spring Data repository scanning in 178 ms. Found 1 JPA repository interfaces.
2022-02-25 19:09:52.546  INFO 25552 --- [main] o.h.e.t.j.p.i.JtaPlatformInitiator       : HHH000490: Using JtaPlatform implementation: [org.hibernate.engine.transaction.jta.platform.internal.NoJtaPlatform]
2022-02-25 19:09:52.577  INFO 25552 --- [main] j.LocalContainerEntityManagerFactoryBean : Initialized JPA EntityManagerFactory for persistence unit 'default'
2022-02-25 19:09:54.287  INFO 5440 --- [main] com.zaxxer.hikari.HikariDataSource       : HikariPool-1 - Starting...
2022-02-25 19:09:54.738  WARN 25552 --- [main] JpaBaseConfiguration$JpaWebConfiguration : spring.jpa.open-in-view is enabled by default. Therefore, database queries may be performed during view rendering. Explicitly configure spring.jpa.open-in-view to disable this warning
2022-02-25 19:09:57.689  INFO 5440 --- [main] com.zaxxer.hikari.HikariDataSource       : HikariPool-1 - Start completed.
2022-02-25 19:09:57.970  INFO 25552 --- [main] o.s.b.a.e.web.EndpointLinksResolver      : Exposing 1 endpoint(s) beneath base path '/actuator'
2022-02-25 19:09:57.998  INFO 5440 --- [main] o.hibernate.jpa.internal.util.LogHelper  : HHH000204: Processing PersistenceUnitInfo [name: default]
2022-02-25 19:09:58.199  INFO 25552 --- [main] com.banktemplate.credit.CreditTest       : Started CreditTest in 16.975 seconds (JVM running for 19.606)
2022-02-25 19:09:58.956  INFO 25552 --- [SpringApplicationShutdownHook] j.LocalContainerEntityManagerFactoryBean : Closing JPA EntityManagerFactory for persistence unit 'default'
2022-02-25 19:09:58.963  INFO 25552 --- [SpringApplicationShutdownHook] com.zaxxer.hikari.HikariDataSource       : HikariPool-1 - Shutdown initiated...
2022-02-25 19:09:59.046  INFO 25552 --- [SpringApplicationShutdownHook] com.zaxxer.hikari.HikariDataSource       : HikariPool-1 - Shutdown completed.
2022-02-25 19:09:59.062  INFO 5440 --- [main] org.hibernate.Version                    : HHH000412: Hibernate ORM core version 5.6.4.Final
2022-02-25 19:09:59.776  INFO 5440 --- [main] o.hibernate.annotations.common.Version   : HCANN000001: Hibernate Commons Annotations {5.1.2.Final}
2022-02-25 19:10:00.395  INFO 5440 --- [main] org.hibernate.dialect.Dialect            : HHH000400: Using dialect: org.hibernate.dialect.MySQL5Dialect
2022-02-25 19:10:02.318  INFO 5440 --- [main] o.h.e.t.j.p.i.JtaPlatformInitiator       : HHH000490: Using JtaPlatform implementation: [org.hibernate.engine.transaction.jta.platform.internal.NoJtaPlatform]
2022-02-25 19:10:02.342  INFO 5440 --- [main] j.LocalContainerEntityManagerFactoryBean : Initialized JPA EntityManagerFactory for persistence unit 'default'
2022-02-25 19:10:04.103  WARN 5440 --- [main] JpaBaseConfiguration$JpaWebConfiguration : spring.jpa.open-in-view is enabled by default. Therefore, database queries may be performed during view rendering. Explicitly configure spring.jpa.open-in-view to disable this warning
2022-02-25 19:10:08.330  INFO 5440 --- [main] o.s.b.a.e.web.EndpointLinksResolver      : Exposing 1 endpoint(s) beneath base path '/actuator'
2022-02-25 19:10:08.559  INFO 5440 --- [main] com.banktemplate.credit.CreditTest       : Started CreditTest in 22.303 seconds (JVM running for 26.401)
2022-02-25 19:11:16.250  INFO 5440 --- [SpringApplicationShutdownHook] j.LocalContainerEntityManagerFactoryBean : Closing JPA EntityManagerFactory for persistence unit 'default'
2022-02-25 19:11:16.255  INFO 5440 --- [SpringApplicationShutdownHook] com.zaxxer.hikari.HikariDataSource       : HikariPool-1 - Shutdown initiated...
2022-02-25 19:11:16.280  INFO 5440 --- [SpringApplicationShutdownHook] com.zaxxer.hikari.HikariDataSource       : HikariPool-1 - Shutdown completed.
2022-02-25 19:11:22.628  INFO 33224 --- [main] com.banktemplate.credit.CreditTest       : Starting CreditTest using Java 11.0.12 on MSKK-YGB-LT7066 with PID 33224 (started by huseyin.ceylan in C:\Users\huseyin.ceylan\Java Spring\BankTemplate)
2022-02-25 19:11:22.630  INFO 33224 --- [main] com.banktemplate.credit.CreditTest       : No active profile set, falling back to default profiles: default
2022-02-25 19:11:24.984  INFO 33224 --- [main] .s.d.r.c.RepositoryConfigurationDelegate : Bootstrapping Spring Data JPA repositories in DEFAULT mode.
2022-02-25 19:11:25.140  INFO 33224 --- [main] .s.d.r.c.RepositoryConfigurationDelegate : Finished Spring Data repository scanning in 128 ms. Found 1 JPA repository interfaces.
2022-02-25 19:11:26.575  INFO 33224 --- [main] com.zaxxer.hikari.HikariDataSource       : HikariPool-1 - Starting...
2022-02-25 19:11:28.338  INFO 33224 --- [main] com.zaxxer.hikari.HikariDataSource       : HikariPool-1 - Start completed.
2022-02-25 19:11:28.496  INFO 33224 --- [main] o.hibernate.jpa.internal.util.LogHelper  : HHH000204: Processing PersistenceUnitInfo [name: default]
2022-02-25 19:11:28.697  INFO 33224 --- [main] org.hibernate.Version                    : HHH000412: Hibernate ORM core version 5.6.4.Final
2022-02-25 19:11:29.288  INFO 33224 --- [main] o.hibernate.annotations.common.Version   : HCANN000001: Hibernate Commons Annotations {5.1.2.Final}
2022-02-25 19:11:29.730  INFO 33224 --- [main] org.hibernate.dialect.Dialect            : HHH000400: Using dialect: org.hibernate.dialect.MySQL5Dialect
2022-02-25 19:11:31.380  INFO 33224 --- [main] o.h.e.t.j.p.i.JtaPlatformInitiator       : HHH000490: Using JtaPlatform implementation: [org.hibernate.engine.transaction.jta.platform.internal.NoJtaPlatform]
2022-02-25 19:11:31.409  INFO 33224 --- [main] j.LocalContainerEntityManagerFactoryBean : Initialized JPA EntityManagerFactory for persistence unit 'default'
2022-02-25 19:11:33.434  WARN 33224 --- [main] JpaBaseConfiguration$JpaWebConfiguration : spring.jpa.open-in-view is enabled by default. Therefore, database queries may be performed during view rendering. Explicitly configure spring.jpa.open-in-view to disable this warning
2022-02-25 19:11:37.125  INFO 33224 --- [main] o.s.b.a.e.web.EndpointLinksResolver      : Exposing 1 endpoint(s) beneath base path '/actuator'
2022-02-25 19:11:37.260  INFO 33224 --- [main] com.banktemplate.credit.CreditTest       : Started CreditTest in 15.259 seconds (JVM running for 17.416)
2022-02-25 19:11:59.660  INFO 33224 --- [SpringApplicationShutdownHook] j.LocalContainerEntityManagerFactoryBean : Closing JPA EntityManagerFactory for persistence unit 'default'
2022-02-25 19:11:59.665  INFO 33224 --- [SpringApplicationShutdownHook] com.zaxxer.hikari.HikariDataSource       : HikariPool-1 - Shutdown initiated...
2022-02-25 19:11:59.686  INFO 33224 --- [SpringApplicationShutdownHook] com.zaxxer.hikari.HikariDataSource       : HikariPool-1 - Shutdown completed.
2022-02-25 19:14:07.150  INFO 33160 --- [main] com.banktemplate.credit.CreditTest       : Starting CreditTest using Java 11.0.12 on MSKK-YGB-LT7066 with PID 33160 (started by huseyin.ceylan in C:\Users\huseyin.ceylan\Java Spring\BankTemplate)
2022-02-25 19:14:07.151  INFO 33160 --- [main] com.banktemplate.credit.CreditTest       : No active profile set, falling back to default profiles: default
2022-02-25 19:14:08.523  INFO 33160 --- [main] .s.d.r.c.RepositoryConfigurationDelegate : Bootstrapping Spring Data JPA repositories in DEFAULT mode.
2022-02-25 19:14:08.589  INFO 33160 --- [main] .s.d.r.c.RepositoryConfigurationDelegate : Finished Spring Data repository scanning in 51 ms. Found 1 JPA repository interfaces.
2022-02-25 19:14:09.247  INFO 33160 --- [main] com.zaxxer.hikari.HikariDataSource       : HikariPool-1 - Starting...
2022-02-25 19:14:10.110  INFO 33160 --- [main] com.zaxxer.hikari.HikariDataSource       : HikariPool-1 - Start completed.
2022-02-25 19:14:10.197  INFO 33160 --- [main] o.hibernate.jpa.internal.util.LogHelper  : HHH000204: Processing PersistenceUnitInfo [name: default]
2022-02-25 19:14:10.288  INFO 33160 --- [main] org.hibernate.Version                    : HHH000412: Hibernate ORM core version 5.6.4.Final
2022-02-25 19:14:10.568  INFO 33160 --- [main] o.hibernate.annotations.common.Version   : HCANN000001: Hibernate Commons Annotations {5.1.2.Final}
2022-02-25 19:14:10.723  INFO 33160 --- [main] org.hibernate.dialect.Dialect            : HHH000400: Using dialect: org.hibernate.dialect.MySQL5Dialect
2022-02-25 19:14:11.558  INFO 33160 --- [main] o.h.e.t.j.p.i.JtaPlatformInitiator       : HHH000490: Using JtaPlatform implementation: [org.hibernate.engine.transaction.jta.platform.internal.NoJtaPlatform]
2022-02-25 19:14:11.576  INFO 33160 --- [main] j.LocalContainerEntityManagerFactoryBean : Initialized JPA EntityManagerFactory for persistence unit 'default'
2022-02-25 19:14:12.631  WARN 33160 --- [main] JpaBaseConfiguration$JpaWebConfiguration : spring.jpa.open-in-view is enabled by default. Therefore, database queries may be performed during view rendering. Explicitly configure spring.jpa.open-in-view to disable this warning
2022-02-25 19:14:14.920  INFO 33160 --- [main] o.s.b.a.e.web.EndpointLinksResolver      : Exposing 1 endpoint(s) beneath base path '/actuator'
2022-02-25 19:14:15.001  INFO 33160 --- [main] com.banktemplate.credit.CreditTest       : Started CreditTest in 8.373 seconds (JVM running for 10.074)
2022-02-25 19:14:15.796  INFO 33160 --- [SpringApplicationShutdownHook] j.LocalContainerEntityManagerFactoryBean : Closing JPA EntityManagerFactory for persistence unit 'default'
2022-02-25 19:14:15.801  INFO 33160 --- [SpringApplicationShutdownHook] com.zaxxer.hikari.HikariDataSource       : HikariPool-1 - Shutdown initiated...
2022-02-25 19:14:15.821  INFO 33160 --- [SpringApplicationShutdownHook] com.zaxxer.hikari.HikariDataSource       : HikariPool-1 - Shutdown completed.
2022-02-25 19:16:06.116  INFO 5056 --- [main] com.banktemplate.credit.CreditTest       : Starting CreditTest using Java 11.0.12 on MSKK-YGB-LT7066 with PID 5056 (started by huseyin.ceylan in C:\Users\huseyin.ceylan\Java Spring\BankTemplate)
2022-02-25 19:16:06.117  INFO 5056 --- [main] com.banktemplate.credit.CreditTest       : No active profile set, falling back to default profiles: default
2022-02-25 19:16:07.301  INFO 5056 --- [main] .s.d.r.c.RepositoryConfigurationDelegate : Bootstrapping Spring Data JPA repositories in DEFAULT mode.
2022-02-25 19:16:07.369  INFO 5056 --- [main] .s.d.r.c.RepositoryConfigurationDelegate : Finished Spring Data repository scanning in 57 ms. Found 1 JPA repository interfaces.
2022-02-25 19:16:08.130  INFO 5056 --- [main] com.zaxxer.hikari.HikariDataSource       : HikariPool-1 - Starting...
2022-02-25 19:16:09.162  INFO 5056 --- [main] com.zaxxer.hikari.HikariDataSource       : HikariPool-1 - Start completed.
2022-02-25 19:16:09.250  INFO 5056 --- [main] o.hibernate.jpa.internal.util.LogHelper  : HHH000204: Processing PersistenceUnitInfo [name: default]
2022-02-25 19:16:09.366  INFO 5056 --- [main] org.hibernate.Version                    : HHH000412: Hibernate ORM core version 5.6.4.Final
2022-02-25 19:16:09.742  INFO 5056 --- [main] o.hibernate.annotations.common.Version   : HCANN000001: Hibernate Commons Annotations {5.1.2.Final}
2022-02-25 19:16:09.982  INFO 5056 --- [main] org.hibernate.dialect.Dialect            : HHH000400: Using dialect: org.hibernate.dialect.MySQL5Dialect
2022-02-25 19:16:10.968  INFO 5056 --- [main] o.h.e.t.j.p.i.JtaPlatformInitiator       : HHH000490: Using JtaPlatform implementation: [org.hibernate.engine.transaction.jta.platform.internal.NoJtaPlatform]
2022-02-25 19:16:10.987  INFO 5056 --- [main] j.LocalContainerEntityManagerFactoryBean : Initialized JPA EntityManagerFactory for persistence unit 'default'
2022-02-25 19:16:12.104  WARN 5056 --- [main] JpaBaseConfiguration$JpaWebConfiguration : spring.jpa.open-in-view is enabled by default. Therefore, database queries may be performed during view rendering. Explicitly configure spring.jpa.open-in-view to disable this warning
2022-02-25 19:16:14.410  INFO 5056 --- [main] o.s.b.a.e.web.EndpointLinksResolver      : Exposing 1 endpoint(s) beneath base path '/actuator'
2022-02-25 19:16:14.497  INFO 5056 --- [main] com.banktemplate.credit.CreditTest       : Started CreditTest in 8.835 seconds (JVM running for 10.384)
2022-02-25 19:16:15.317  INFO 5056 --- [SpringApplicationShutdownHook] j.LocalContainerEntityManagerFactoryBean : Closing JPA EntityManagerFactory for persistence unit 'default'
2022-02-25 19:16:15.322  INFO 5056 --- [SpringApplicationShutdownHook] com.zaxxer.hikari.HikariDataSource       : HikariPool-1 - Shutdown initiated...
2022-02-25 19:16:15.341  INFO 5056 --- [SpringApplicationShutdownHook] com.zaxxer.hikari.HikariDataSource       : HikariPool-1 - Shutdown completed.
2022-02-25 19:16:32.897  INFO 17260 --- [main] com.banktemplate.credit.CreditTest       : Starting CreditTest using Java 11.0.12 on MSKK-YGB-LT7066 with PID 17260 (started by huseyin.ceylan in C:\Users\huseyin.ceylan\Java Spring\BankTemplate)
2022-02-25 19:16:32.898  INFO 17260 --- [main] com.banktemplate.credit.CreditTest       : No active profile set, falling back to default profiles: default
2022-02-25 19:16:34.392  INFO 17260 --- [main] .s.d.r.c.RepositoryConfigurationDelegate : Bootstrapping Spring Data JPA repositories in DEFAULT mode.
2022-02-25 19:16:34.476  INFO 17260 --- [main] .s.d.r.c.RepositoryConfigurationDelegate : Finished Spring Data repository scanning in 68 ms. Found 1 JPA repository interfaces.
2022-02-25 19:16:35.331  INFO 17260 --- [main] com.zaxxer.hikari.HikariDataSource       : HikariPool-1 - Starting...
2022-02-25 19:16:36.368  INFO 17260 --- [main] com.zaxxer.hikari.HikariDataSource       : HikariPool-1 - Start completed.
2022-02-25 19:16:36.453  INFO 17260 --- [main] o.hibernate.jpa.internal.util.LogHelper  : HHH000204: Processing PersistenceUnitInfo [name: default]
2022-02-25 19:16:36.550  INFO 17260 --- [main] org.hibernate.Version                    : HHH000412: Hibernate ORM core version 5.6.4.Final
2022-02-25 19:16:36.922  INFO 17260 --- [main] o.hibernate.annotations.common.Version   : HCANN000001: Hibernate Commons Annotations {5.1.2.Final}
2022-02-25 19:16:37.134  INFO 17260 --- [main] org.hibernate.dialect.Dialect            : HHH000400: Using dialect: org.hibernate.dialect.MySQL5Dialect
2022-02-25 19:16:38.174  INFO 17260 --- [main] o.h.e.t.j.p.i.JtaPlatformInitiator       : HHH000490: Using JtaPlatform implementation: [org.hibernate.engine.transaction.jta.platform.internal.NoJtaPlatform]
2022-02-25 19:16:38.193  INFO 17260 --- [main] j.LocalContainerEntityManagerFactoryBean : Initialized JPA EntityManagerFactory for persistence unit 'default'
2022-02-25 19:16:39.261  WARN 17260 --- [main] JpaBaseConfiguration$JpaWebConfiguration : spring.jpa.open-in-view is enabled by default. Therefore, database queries may be performed during view rendering. Explicitly configure spring.jpa.open-in-view to disable this warning
2022-02-25 19:16:41.696  INFO 17260 --- [main] o.s.b.a.e.web.EndpointLinksResolver      : Exposing 1 endpoint(s) beneath base path '/actuator'
2022-02-25 19:16:41.773  INFO 17260 --- [main] com.banktemplate.credit.CreditTest       : Started CreditTest in 9.539 seconds (JVM running for 11.289)
2022-02-25 19:16:42.602  INFO 17260 --- [SpringApplicationShutdownHook] j.LocalContainerEntityManagerFactoryBean : Closing JPA EntityManagerFactory for persistence unit 'default'
2022-02-25 19:16:42.608  INFO 17260 --- [SpringApplicationShutdownHook] com.zaxxer.hikari.HikariDataSource       : HikariPool-1 - Shutdown initiated...
2022-02-25 19:16:42.627  INFO 17260 --- [SpringApplicationShutdownHook] com.zaxxer.hikari.HikariDataSource       : HikariPool-1 - Shutdown completed.
2022-02-25 21:32:26.024  INFO 32792 --- [main] com.banktemplate.credit.CreditTest       : Starting CreditTest using Java 11.0.12 on MSKK-YGB-LT7066 with PID 32792 (started by huseyin.ceylan in C:\Users\huseyin.ceylan\Java Spring\BankTemplate)
2022-02-25 21:32:26.028  INFO 32792 --- [main] com.banktemplate.credit.CreditTest       : No active profile set, falling back to default profiles: default
2022-02-25 21:32:27.479  INFO 32792 --- [main] .s.d.r.c.RepositoryConfigurationDelegate : Bootstrapping Spring Data JPA repositories in DEFAULT mode.
2022-02-25 21:32:27.552  INFO 32792 --- [main] .s.d.r.c.RepositoryConfigurationDelegate : Finished Spring Data repository scanning in 61 ms. Found 1 JPA repository interfaces.
2022-02-25 21:32:28.251  INFO 32792 --- [main] com.zaxxer.hikari.HikariDataSource       : HikariPool-1 - Starting...
2022-02-25 21:32:29.189  INFO 32792 --- [main] com.zaxxer.hikari.HikariDataSource       : HikariPool-1 - Start completed.
2022-02-25 21:32:29.272  INFO 32792 --- [main] o.hibernate.jpa.internal.util.LogHelper  : HHH000204: Processing PersistenceUnitInfo [name: default]
2022-02-25 21:32:29.405  INFO 32792 --- [main] org.hibernate.Version                    : HHH000412: Hibernate ORM core version 5.6.4.Final
2022-02-25 21:32:29.749  INFO 32792 --- [main] o.hibernate.annotations.common.Version   : HCANN000001: Hibernate Commons Annotations {5.1.2.Final}
2022-02-25 21:32:29.936  INFO 32792 --- [main] org.hibernate.dialect.Dialect            : HHH000400: Using dialect: org.hibernate.dialect.MySQL5Dialect
2022-02-25 21:32:30.644  INFO 32792 --- [main] o.h.e.t.j.p.i.JtaPlatformInitiator       : HHH000490: Using JtaPlatform implementation: [org.hibernate.engine.transaction.jta.platform.internal.NoJtaPlatform]
2022-02-25 21:32:30.653  INFO 32792 --- [main] j.LocalContainerEntityManagerFactoryBean : Initialized JPA EntityManagerFactory for persistence unit 'default'
2022-02-25 21:32:31.567  WARN 32792 --- [main] JpaBaseConfiguration$JpaWebConfiguration : spring.jpa.open-in-view is enabled by default. Therefore, database queries may be performed during view rendering. Explicitly configure spring.jpa.open-in-view to disable this warning
2022-02-25 21:32:33.772  INFO 32792 --- [main] o.s.b.a.e.web.EndpointLinksResolver      : Exposing 1 endpoint(s) beneath base path '/actuator'
2022-02-25 21:32:33.842  INFO 32792 --- [main] com.banktemplate.credit.CreditTest       : Started CreditTest in 8.271 seconds (JVM running for 11.42)
2022-02-25 21:32:34.540  INFO 32792 --- [SpringApplicationShutdownHook] j.LocalContainerEntityManagerFactoryBean : Closing JPA EntityManagerFactory for persistence unit 'default'
2022-02-25 21:32:34.546  INFO 32792 --- [SpringApplicationShutdownHook] com.zaxxer.hikari.HikariDataSource       : HikariPool-1 - Shutdown initiated...
2022-02-25 21:32:34.566  INFO 32792 --- [SpringApplicationShutdownHook] com.zaxxer.hikari.HikariDataSource       : HikariPool-1 - Shutdown completed.
2022-02-25 21:33:03.562  INFO 10900 --- [restartedMain] c.banktemplate.BankTemplateApplication   : Starting BankTemplateApplication using Java 11.0.12 on MSKK-YGB-LT7066 with PID 10900 (C:\Users\huseyin.ceylan\Java Spring\BankTemplate\target\classes started by huseyin.ceylan in C:\Users\huseyin.ceylan\Java Spring\BankTemplate)
2022-02-25 21:33:03.563  INFO 10900 --- [restartedMain] c.banktemplate.BankTemplateApplication   : No active profile set, falling back to default profiles: default
2022-02-25 21:33:03.609  INFO 10900 --- [restartedMain] .e.DevToolsPropertyDefaultsPostProcessor : Devtools property defaults active! Set 'spring.devtools.add-properties' to 'false' to disable
2022-02-25 21:33:03.609  INFO 10900 --- [restartedMain] .e.DevToolsPropertyDefaultsPostProcessor : For additional web related logging consider setting the 'logging.level.web' property to 'DEBUG'
2022-02-25 21:33:04.451  INFO 10900 --- [restartedMain] .s.d.r.c.RepositoryConfigurationDelegate : Bootstrapping Spring Data JPA repositories in DEFAULT mode.
2022-02-25 21:33:04.495  INFO 10900 --- [restartedMain] .s.d.r.c.RepositoryConfigurationDelegate : Finished Spring Data repository scanning in 37 ms. Found 1 JPA repository interfaces.
2022-02-25 21:33:04.998  INFO 10900 --- [restartedMain] o.s.b.w.embedded.tomcat.TomcatWebServer  : Tomcat initialized with port(s): 8090 (http)
2022-02-25 21:33:05.005  INFO 10900 --- [restartedMain] o.apache.catalina.core.StandardService   : Starting service [Tomcat]
2022-02-25 21:33:05.005  INFO 10900 --- [restartedMain] org.apache.catalina.core.StandardEngine  : Starting Servlet engine: [Apache Tomcat/9.0.56]
2022-02-25 21:33:05.095  INFO 10900 --- [restartedMain] o.a.c.c.C.[Tomcat].[localhost].[/]       : Initializing Spring embedded WebApplicationContext
2022-02-25 21:33:05.095  INFO 10900 --- [restartedMain] w.s.c.ServletWebServerApplicationContext : Root WebApplicationContext: initialization completed in 1485 ms
2022-02-25 21:33:05.260  INFO 10900 --- [restartedMain] com.zaxxer.hikari.HikariDataSource       : HikariPool-1 - Starting...
2022-02-25 21:33:05.495  INFO 10900 --- [restartedMain] com.zaxxer.hikari.HikariDataSource       : HikariPool-1 - Start completed.
2022-02-25 21:33:05.531  INFO 10900 --- [restartedMain] o.hibernate.jpa.internal.util.LogHelper  : HHH000204: Processing PersistenceUnitInfo [name: default]
2022-02-25 21:33:05.568  INFO 10900 --- [restartedMain] org.hibernate.Version                    : HHH000412: Hibernate ORM core version 5.6.4.Final
2022-02-25 21:33:05.698  INFO 10900 --- [restartedMain] o.hibernate.annotations.common.Version   : HCANN000001: Hibernate Commons Annotations {5.1.2.Final}
2022-02-25 21:33:05.797  INFO 10900 --- [restartedMain] org.hibernate.dialect.Dialect            : HHH000400: Using dialect: org.hibernate.dialect.MySQL5Dialect
2022-02-25 21:33:06.218  INFO 10900 --- [restartedMain] o.h.e.t.j.p.i.JtaPlatformInitiator       : HHH000490: Using JtaPlatform implementation: [org.hibernate.engine.transaction.jta.platform.internal.NoJtaPlatform]
2022-02-25 21:33:06.228  INFO 10900 --- [restartedMain] j.LocalContainerEntityManagerFactoryBean : Initialized JPA EntityManagerFactory for persistence unit 'default'
2022-02-25 21:33:06.580  WARN 10900 --- [restartedMain] JpaBaseConfiguration$JpaWebConfiguration : spring.jpa.open-in-view is enabled by default. Therefore, database queries may be performed during view rendering. Explicitly configure spring.jpa.open-in-view to disable this warning
2022-02-25 21:33:07.320  INFO 10900 --- [restartedMain] o.s.b.d.a.OptionalLiveReloadServer       : LiveReload server is running on port 35729
2022-02-25 21:33:07.324  INFO 10900 --- [restartedMain] o.s.b.a.e.web.EndpointLinksResolver      : Exposing 1 endpoint(s) beneath base path '/actuator'
2022-02-25 21:33:07.362  INFO 10900 --- [restartedMain] o.s.b.w.embedded.tomcat.TomcatWebServer  : Tomcat started on port(s): 8090 (http) with context path ''
2022-02-25 21:33:07.376  INFO 10900 --- [restartedMain] c.banktemplate.BankTemplateApplication   : Started BankTemplateApplication in 4.238 seconds (JVM running for 5.559)
2022-02-25 21:33:08.675  INFO 10900 --- [RMI TCP Connection(3)-172.22.80.1] o.a.c.c.C.[Tomcat].[localhost].[/]       : Initializing Spring DispatcherServlet 'dispatcherServlet'
2022-02-25 21:33:08.676  INFO 10900 --- [RMI TCP Connection(3)-172.22.80.1] o.s.web.servlet.DispatcherServlet        : Initializing Servlet 'dispatcherServlet'
2022-02-25 21:33:08.678  INFO 10900 --- [RMI TCP Connection(3)-172.22.80.1] o.s.web.servlet.DispatcherServlet        : Completed initialization in 2 ms
2022-02-25 21:42:41.965  INFO 10900 --- [SpringApplicationShutdownHook] j.LocalContainerEntityManagerFactoryBean : Closing JPA EntityManagerFactory for persistence unit 'default'
2022-02-25 21:42:41.969  INFO 10900 --- [SpringApplicationShutdownHook] com.zaxxer.hikari.HikariDataSource       : HikariPool-1 - Shutdown initiated...
2022-02-25 21:42:41.982  INFO 10900 --- [SpringApplicationShutdownHook] com.zaxxer.hikari.HikariDataSource       : HikariPool-1 - Shutdown completed.
2022-02-25 21:42:47.547  INFO 37632 --- [restartedMain] c.banktemplate.BankTemplateApplication   : Starting BankTemplateApplication using Java 11.0.12 on MSKK-YGB-LT7066 with PID 37632 (C:\Users\huseyin.ceylan\Java Spring\BankTemplate\target\classes started by huseyin.ceylan in C:\Users\huseyin.ceylan\Java Spring\BankTemplate)
2022-02-25 21:42:47.548  INFO 37632 --- [restartedMain] c.banktemplate.BankTemplateApplication   : No active profile set, falling back to default profiles: default
2022-02-25 21:42:47.603  INFO 37632 --- [restartedMain] .e.DevToolsPropertyDefaultsPostProcessor : Devtools property defaults active! Set 'spring.devtools.add-properties' to 'false' to disable
2022-02-25 21:42:47.604  INFO 37632 --- [restartedMain] .e.DevToolsPropertyDefaultsPostProcessor : For additional web related logging consider setting the 'logging.level.web' property to 'DEBUG'
2022-02-25 21:42:48.501  INFO 37632 --- [restartedMain] .s.d.r.c.RepositoryConfigurationDelegate : Bootstrapping Spring Data JPA repositories in DEFAULT mode.
2022-02-25 21:42:48.544  INFO 37632 --- [restartedMain] .s.d.r.c.RepositoryConfigurationDelegate : Finished Spring Data repository scanning in 35 ms. Found 1 JPA repository interfaces.
2022-02-25 21:42:48.991  INFO 37632 --- [restartedMain] o.s.b.w.embedded.tomcat.TomcatWebServer  : Tomcat initialized with port(s): 8090 (http)
2022-02-25 21:42:48.998  INFO 37632 --- [restartedMain] o.apache.catalina.core.StandardService   : Starting service [Tomcat]
2022-02-25 21:42:48.998  INFO 37632 --- [restartedMain] org.apache.catalina.core.StandardEngine  : Starting Servlet engine: [Apache Tomcat/9.0.56]
2022-02-25 21:42:49.083  INFO 37632 --- [restartedMain] o.a.c.c.C.[Tomcat].[localhost].[/]       : Initializing Spring embedded WebApplicationContext
2022-02-25 21:42:49.083  INFO 37632 --- [restartedMain] w.s.c.ServletWebServerApplicationContext : Root WebApplicationContext: initialization completed in 1479 ms
2022-02-25 21:42:49.246  INFO 37632 --- [restartedMain] com.zaxxer.hikari.HikariDataSource       : HikariPool-1 - Starting...
2022-02-25 21:42:49.520  INFO 37632 --- [restartedMain] com.zaxxer.hikari.HikariDataSource       : HikariPool-1 - Start completed.
2022-02-25 21:42:49.562  INFO 37632 --- [restartedMain] o.hibernate.jpa.internal.util.LogHelper  : HHH000204: Processing PersistenceUnitInfo [name: default]
2022-02-25 21:42:49.610  INFO 37632 --- [restartedMain] org.hibernate.Version                    : HHH000412: Hibernate ORM core version 5.6.4.Final
2022-02-25 21:42:49.767  INFO 37632 --- [restartedMain] o.hibernate.annotations.common.Version   : HCANN000001: Hibernate Commons Annotations {5.1.2.Final}
2022-02-25 21:42:49.873  INFO 37632 --- [restartedMain] org.hibernate.dialect.Dialect            : HHH000400: Using dialect: org.hibernate.dialect.MySQL5Dialect
2022-02-25 21:42:50.390  INFO 37632 --- [restartedMain] o.h.e.t.j.p.i.JtaPlatformInitiator       : HHH000490: Using JtaPlatform implementation: [org.hibernate.engine.transaction.jta.platform.internal.NoJtaPlatform]
2022-02-25 21:42:50.400  INFO 37632 --- [restartedMain] j.LocalContainerEntityManagerFactoryBean : Initialized JPA EntityManagerFactory for persistence unit 'default'
2022-02-25 21:42:50.846  WARN 37632 --- [restartedMain] JpaBaseConfiguration$JpaWebConfiguration : spring.jpa.open-in-view is enabled by default. Therefore, database queries may be performed during view rendering. Explicitly configure spring.jpa.open-in-view to disable this warning
2022-02-25 21:42:51.726  INFO 37632 --- [restartedMain] o.s.b.d.a.OptionalLiveReloadServer       : LiveReload server is running on port 35729
2022-02-25 21:42:51.731  INFO 37632 --- [restartedMain] o.s.b.a.e.web.EndpointLinksResolver      : Exposing 1 endpoint(s) beneath base path '/actuator'
2022-02-25 21:42:51.769  INFO 37632 --- [restartedMain] o.s.b.w.embedded.tomcat.TomcatWebServer  : Tomcat started on port(s): 8090 (http) with context path ''
2022-02-25 21:42:51.784  INFO 37632 --- [restartedMain] c.banktemplate.BankTemplateApplication   : Started BankTemplateApplication in 4.836 seconds (JVM running for 7.637)
2022-02-25 21:42:52.317  INFO 37632 --- [RMI TCP Connection(3)-172.22.80.1] o.a.c.c.C.[Tomcat].[localhost].[/]       : Initializing Spring DispatcherServlet 'dispatcherServlet'
2022-02-25 21:42:52.318  INFO 37632 --- [RMI TCP Connection(3)-172.22.80.1] o.s.web.servlet.DispatcherServlet        : Initializing Servlet 'dispatcherServlet'
2022-02-25 21:42:52.320  INFO 37632 --- [RMI TCP Connection(3)-172.22.80.1] o.s.web.servlet.DispatcherServlet        : Completed initialization in 2 ms
2022-02-25 21:46:44.165  INFO 37632 --- [SpringApplicationShutdownHook] j.LocalContainerEntityManagerFactoryBean : Closing JPA EntityManagerFactory for persistence unit 'default'
2022-02-25 21:46:44.169  INFO 37632 --- [SpringApplicationShutdownHook] com.zaxxer.hikari.HikariDataSource       : HikariPool-1 - Shutdown initiated...
2022-02-25 21:46:44.179  INFO 37632 --- [SpringApplicationShutdownHook] com.zaxxer.hikari.HikariDataSource       : HikariPool-1 - Shutdown completed.
2022-02-25 21:46:49.081  INFO 32236 --- [restartedMain] c.banktemplate.BankTemplateApplication   : Starting BankTemplateApplication using Java 11.0.12 on MSKK-YGB-LT7066 with PID 32236 (C:\Users\huseyin.ceylan\Java Spring\BankTemplate\target\classes started by huseyin.ceylan in C:\Users\huseyin.ceylan\Java Spring\BankTemplate)
2022-02-25 21:46:49.083  INFO 32236 --- [restartedMain] c.banktemplate.BankTemplateApplication   : No active profile set, falling back to default profiles: default
2022-02-25 21:46:49.152  INFO 32236 --- [restartedMain] .e.DevToolsPropertyDefaultsPostProcessor : Devtools property defaults active! Set 'spring.devtools.add-properties' to 'false' to disable
2022-02-25 21:46:49.152  INFO 32236 --- [restartedMain] .e.DevToolsPropertyDefaultsPostProcessor : For additional web related logging consider setting the 'logging.level.web' property to 'DEBUG'
2022-02-25 21:46:50.187  INFO 32236 --- [restartedMain] .s.d.r.c.RepositoryConfigurationDelegate : Bootstrapping Spring Data JPA repositories in DEFAULT mode.
2022-02-25 21:46:50.232  INFO 32236 --- [restartedMain] .s.d.r.c.RepositoryConfigurationDelegate : Finished Spring Data repository scanning in 36 ms. Found 1 JPA repository interfaces.
2022-02-25 21:46:50.690  INFO 32236 --- [restartedMain] o.s.b.w.embedded.tomcat.TomcatWebServer  : Tomcat initialized with port(s): 8090 (http)
2022-02-25 21:46:50.696  INFO 32236 --- [restartedMain] o.apache.catalina.core.StandardService   : Starting service [Tomcat]
2022-02-25 21:46:50.696  INFO 32236 --- [restartedMain] org.apache.catalina.core.StandardEngine  : Starting Servlet engine: [Apache Tomcat/9.0.56]
2022-02-25 21:46:50.781  INFO 32236 --- [restartedMain] o.a.c.c.C.[Tomcat].[localhost].[/]       : Initializing Spring embedded WebApplicationContext
2022-02-25 21:46:50.782  INFO 32236 --- [restartedMain] w.s.c.ServletWebServerApplicationContext : Root WebApplicationContext: initialization completed in 1629 ms
2022-02-25 21:46:50.941  INFO 32236 --- [restartedMain] com.zaxxer.hikari.HikariDataSource       : HikariPool-1 - Starting...
2022-02-25 21:46:51.187  INFO 32236 --- [restartedMain] com.zaxxer.hikari.HikariDataSource       : HikariPool-1 - Start completed.
2022-02-25 21:46:51.223  INFO 32236 --- [restartedMain] o.hibernate.jpa.internal.util.LogHelper  : HHH000204: Processing PersistenceUnitInfo [name: default]
2022-02-25 21:46:51.263  INFO 32236 --- [restartedMain] org.hibernate.Version                    : HHH000412: Hibernate ORM core version 5.6.4.Final
2022-02-25 21:46:51.388  INFO 32236 --- [restartedMain] o.hibernate.annotations.common.Version   : HCANN000001: Hibernate Commons Annotations {5.1.2.Final}
2022-02-25 21:46:51.488  INFO 32236 --- [restartedMain] org.hibernate.dialect.Dialect            : HHH000400: Using dialect: org.hibernate.dialect.MySQL5Dialect
2022-02-25 21:46:51.938  INFO 32236 --- [restartedMain] o.h.e.t.j.p.i.JtaPlatformInitiator       : HHH000490: Using JtaPlatform implementation: [org.hibernate.engine.transaction.jta.platform.internal.NoJtaPlatform]
2022-02-25 21:46:51.947  INFO 32236 --- [restartedMain] j.LocalContainerEntityManagerFactoryBean : Initialized JPA EntityManagerFactory for persistence unit 'default'
2022-02-25 21:46:52.316  WARN 32236 --- [restartedMain] JpaBaseConfiguration$JpaWebConfiguration : spring.jpa.open-in-view is enabled by default. Therefore, database queries may be performed during view rendering. Explicitly configure spring.jpa.open-in-view to disable this warning
2022-02-25 21:46:53.022  INFO 32236 --- [restartedMain] o.s.b.d.a.OptionalLiveReloadServer       : LiveReload server is running on port 35729
2022-02-25 21:46:53.026  INFO 32236 --- [restartedMain] o.s.b.a.e.web.EndpointLinksResolver      : Exposing 1 endpoint(s) beneath base path '/actuator'
2022-02-25 21:46:53.063  INFO 32236 --- [restartedMain] o.s.b.w.embedded.tomcat.TomcatWebServer  : Tomcat started on port(s): 8090 (http) with context path ''
2022-02-25 21:46:53.077  INFO 32236 --- [restartedMain] c.banktemplate.BankTemplateApplication   : Started BankTemplateApplication in 4.798 seconds (JVM running for 6.886)
2022-02-25 21:46:53.632  INFO 32236 --- [RMI TCP Connection(2)-172.22.80.1] o.a.c.c.C.[Tomcat].[localhost].[/]       : Initializing Spring DispatcherServlet 'dispatcherServlet'
2022-02-25 21:46:53.633  INFO 32236 --- [RMI TCP Connection(2)-172.22.80.1] o.s.web.servlet.DispatcherServlet        : Initializing Servlet 'dispatcherServlet'
2022-02-25 21:46:53.636  INFO 32236 --- [RMI TCP Connection(2)-172.22.80.1] o.s.web.servlet.DispatcherServlet        : Completed initialization in 3 ms
2022-02-25 21:50:12.023  INFO 32236 --- [SpringApplicationShutdownHook] j.LocalContainerEntityManagerFactoryBean : Closing JPA EntityManagerFactory for persistence unit 'default'
2022-02-25 21:50:12.029  INFO 32236 --- [SpringApplicationShutdownHook] com.zaxxer.hikari.HikariDataSource       : HikariPool-1 - Shutdown initiated...
2022-02-25 21:50:12.042  INFO 32236 --- [SpringApplicationShutdownHook] com.zaxxer.hikari.HikariDataSource       : HikariPool-1 - Shutdown completed.
2022-02-25 21:50:16.048  INFO 35144 --- [restartedMain] c.banktemplate.BankTemplateApplication   : Starting BankTemplateApplication using Java 11.0.12 on MSKK-YGB-LT7066 with PID 35144 (C:\Users\huseyin.ceylan\Java Spring\BankTemplate\target\classes started by huseyin.ceylan in C:\Users\huseyin.ceylan\Java Spring\BankTemplate)
2022-02-25 21:50:16.050  INFO 35144 --- [restartedMain] c.banktemplate.BankTemplateApplication   : No active profile set, falling back to default profiles: default
2022-02-25 21:50:16.094  INFO 35144 --- [restartedMain] .e.DevToolsPropertyDefaultsPostProcessor : Devtools property defaults active! Set 'spring.devtools.add-properties' to 'false' to disable
2022-02-25 21:50:16.095  INFO 35144 --- [restartedMain] .e.DevToolsPropertyDefaultsPostProcessor : For additional web related logging consider setting the 'logging.level.web' property to 'DEBUG'
2022-02-25 21:50:17.017  INFO 35144 --- [restartedMain] .s.d.r.c.RepositoryConfigurationDelegate : Bootstrapping Spring Data JPA repositories in DEFAULT mode.
2022-02-25 21:50:17.065  INFO 35144 --- [restartedMain] .s.d.r.c.RepositoryConfigurationDelegate : Finished Spring Data repository scanning in 40 ms. Found 1 JPA repository interfaces.
2022-02-25 21:50:17.557  INFO 35144 --- [restartedMain] o.s.b.w.embedded.tomcat.TomcatWebServer  : Tomcat initialized with port(s): 8090 (http)
2022-02-25 21:50:17.563  INFO 35144 --- [restartedMain] o.apache.catalina.core.StandardService   : Starting service [Tomcat]
2022-02-25 21:50:17.564  INFO 35144 --- [restartedMain] org.apache.catalina.core.StandardEngine  : Starting Servlet engine: [Apache Tomcat/9.0.56]
2022-02-25 21:50:17.653  INFO 35144 --- [restartedMain] o.a.c.c.C.[Tomcat].[localhost].[/]       : Initializing Spring embedded WebApplicationContext
2022-02-25 21:50:17.653  INFO 35144 --- [restartedMain] w.s.c.ServletWebServerApplicationContext : Root WebApplicationContext: initialization completed in 1558 ms
2022-02-25 21:50:17.810  INFO 35144 --- [restartedMain] com.zaxxer.hikari.HikariDataSource       : HikariPool-1 - Starting...
2022-02-25 21:50:18.078  INFO 35144 --- [restartedMain] com.zaxxer.hikari.HikariDataSource       : HikariPool-1 - Start completed.
2022-02-25 21:50:18.118  INFO 35144 --- [restartedMain] o.hibernate.jpa.internal.util.LogHelper  : HHH000204: Processing PersistenceUnitInfo [name: default]
2022-02-25 21:50:18.162  INFO 35144 --- [restartedMain] org.hibernate.Version                    : HHH000412: Hibernate ORM core version 5.6.4.Final
2022-02-25 21:50:18.299  INFO 35144 --- [restartedMain] o.hibernate.annotations.common.Version   : HCANN000001: Hibernate Commons Annotations {5.1.2.Final}
2022-02-25 21:50:18.415  INFO 35144 --- [restartedMain] org.hibernate.dialect.Dialect            : HHH000400: Using dialect: org.hibernate.dialect.MySQL5Dialect
2022-02-25 21:50:18.902  INFO 35144 --- [restartedMain] o.h.e.t.j.p.i.JtaPlatformInitiator       : HHH000490: Using JtaPlatform implementation: [org.hibernate.engine.transaction.jta.platform.internal.NoJtaPlatform]
2022-02-25 21:50:18.910  INFO 35144 --- [restartedMain] j.LocalContainerEntityManagerFactoryBean : Initialized JPA EntityManagerFactory for persistence unit 'default'
2022-02-25 21:50:19.284  WARN 35144 --- [restartedMain] JpaBaseConfiguration$JpaWebConfiguration : spring.jpa.open-in-view is enabled by default. Therefore, database queries may be performed during view rendering. Explicitly configure spring.jpa.open-in-view to disable this warning
2022-02-25 21:50:20.135  INFO 35144 --- [restartedMain] o.s.b.d.a.OptionalLiveReloadServer       : LiveReload server is running on port 35729
2022-02-25 21:50:20.139  INFO 35144 --- [restartedMain] o.s.b.a.e.web.EndpointLinksResolver      : Exposing 1 endpoint(s) beneath base path '/actuator'
2022-02-25 21:50:20.183  INFO 35144 --- [restartedMain] o.s.b.w.embedded.tomcat.TomcatWebServer  : Tomcat started on port(s): 8090 (http) with context path ''
2022-02-25 21:50:20.198  INFO 35144 --- [restartedMain] c.banktemplate.BankTemplateApplication   : Started BankTemplateApplication in 4.633 seconds (JVM running for 6.191)
2022-02-25 21:50:20.909  INFO 35144 --- [RMI TCP Connection(4)-172.22.80.1] o.a.c.c.C.[Tomcat].[localhost].[/]       : Initializing Spring DispatcherServlet 'dispatcherServlet'
2022-02-25 21:50:20.910  INFO 35144 --- [RMI TCP Connection(4)-172.22.80.1] o.s.web.servlet.DispatcherServlet        : Initializing Servlet 'dispatcherServlet'
2022-02-25 21:50:20.911  INFO 35144 --- [RMI TCP Connection(4)-172.22.80.1] o.s.web.servlet.DispatcherServlet        : Completed initialization in 1 ms
2022-02-25 21:50:47.072  INFO 35144 --- [SpringApplicationShutdownHook] j.LocalContainerEntityManagerFactoryBean : Closing JPA EntityManagerFactory for persistence unit 'default'
2022-02-25 21:50:47.077  INFO 35144 --- [SpringApplicationShutdownHook] com.zaxxer.hikari.HikariDataSource       : HikariPool-1 - Shutdown initiated...
2022-02-25 21:50:47.092  INFO 35144 --- [SpringApplicationShutdownHook] com.zaxxer.hikari.HikariDataSource       : HikariPool-1 - Shutdown completed.
2022-02-25 21:50:52.381  INFO 17432 --- [restartedMain] c.banktemplate.BankTemplateApplication   : Starting BankTemplateApplication using Java 11.0.12 on MSKK-YGB-LT7066 with PID 17432 (C:\Users\huseyin.ceylan\Java Spring\BankTemplate\target\classes started by huseyin.ceylan in C:\Users\huseyin.ceylan\Java Spring\BankTemplate)
2022-02-25 21:50:52.383  INFO 17432 --- [restartedMain] c.banktemplate.BankTemplateApplication   : No active profile set, falling back to default profiles: default
2022-02-25 21:50:52.472  INFO 17432 --- [restartedMain] .e.DevToolsPropertyDefaultsPostProcessor : Devtools property defaults active! Set 'spring.devtools.add-properties' to 'false' to disable
2022-02-25 21:50:52.473  INFO 17432 --- [restartedMain] .e.DevToolsPropertyDefaultsPostProcessor : For additional web related logging consider setting the 'logging.level.web' property to 'DEBUG'
2022-02-25 21:50:53.673  INFO 17432 --- [restartedMain] .s.d.r.c.RepositoryConfigurationDelegate : Bootstrapping Spring Data JPA repositories in DEFAULT mode.
2022-02-25 21:50:53.725  INFO 17432 --- [restartedMain] .s.d.r.c.RepositoryConfigurationDelegate : Finished Spring Data repository scanning in 40 ms. Found 1 JPA repository interfaces.
2022-02-25 21:50:54.177  INFO 17432 --- [restartedMain] o.s.b.w.embedded.tomcat.TomcatWebServer  : Tomcat initialized with port(s): 8090 (http)
2022-02-25 21:50:54.184  INFO 17432 --- [restartedMain] o.apache.catalina.core.StandardService   : Starting service [Tomcat]
2022-02-25 21:50:54.185  INFO 17432 --- [restartedMain] org.apache.catalina.core.StandardEngine  : Starting Servlet engine: [Apache Tomcat/9.0.56]
2022-02-25 21:50:54.297  INFO 17432 --- [restartedMain] o.a.c.c.C.[Tomcat].[localhost].[/]       : Initializing Spring embedded WebApplicationContext
2022-02-25 21:50:54.298  INFO 17432 --- [restartedMain] w.s.c.ServletWebServerApplicationContext : Root WebApplicationContext: initialization completed in 1824 ms
2022-02-25 21:50:54.513  INFO 17432 --- [restartedMain] com.zaxxer.hikari.HikariDataSource       : HikariPool-1 - Starting...
2022-02-25 21:50:54.770  INFO 17432 --- [restartedMain] com.zaxxer.hikari.HikariDataSource       : HikariPool-1 - Start completed.
2022-02-25 21:50:54.812  INFO 17432 --- [restartedMain] o.hibernate.jpa.internal.util.LogHelper  : HHH000204: Processing PersistenceUnitInfo [name: default]
2022-02-25 21:50:54.857  INFO 17432 --- [restartedMain] org.hibernate.Version                    : HHH000412: Hibernate ORM core version 5.6.4.Final
2022-02-25 21:50:55.013  INFO 17432 --- [restartedMain] o.hibernate.annotations.common.Version   : HCANN000001: Hibernate Commons Annotations {5.1.2.Final}
2022-02-25 21:50:55.166  INFO 17432 --- [restartedMain] org.hibernate.dialect.Dialect            : HHH000400: Using dialect: org.hibernate.dialect.MySQL5Dialect
2022-02-25 21:50:55.670  INFO 17432 --- [restartedMain] o.h.e.t.j.p.i.JtaPlatformInitiator       : HHH000490: Using JtaPlatform implementation: [org.hibernate.engine.transaction.jta.platform.internal.NoJtaPlatform]
2022-02-25 21:50:55.678  INFO 17432 --- [restartedMain] j.LocalContainerEntityManagerFactoryBean : Initialized JPA EntityManagerFactory for persistence unit 'default'
2022-02-25 21:50:56.049  WARN 17432 --- [restartedMain] JpaBaseConfiguration$JpaWebConfiguration : spring.jpa.open-in-view is enabled by default. Therefore, database queries may be performed during view rendering. Explicitly configure spring.jpa.open-in-view to disable this warning
2022-02-25 21:50:56.862  INFO 17432 --- [restartedMain] o.s.b.d.a.OptionalLiveReloadServer       : LiveReload server is running on port 35729
2022-02-25 21:50:56.866  INFO 17432 --- [restartedMain] o.s.b.a.e.web.EndpointLinksResolver      : Exposing 1 endpoint(s) beneath base path '/actuator'
2022-02-25 21:50:56.907  INFO 17432 --- [restartedMain] o.s.b.w.embedded.tomcat.TomcatWebServer  : Tomcat started on port(s): 8090 (http) with context path ''
2022-02-25 21:50:56.922  INFO 17432 --- [restartedMain] c.banktemplate.BankTemplateApplication   : Started BankTemplateApplication in 5.347 seconds (JVM running for 7.748)
2022-02-25 21:50:58.392  INFO 17432 --- [RMI TCP Connection(3)-172.22.80.1] o.a.c.c.C.[Tomcat].[localhost].[/]       : Initializing Spring DispatcherServlet 'dispatcherServlet'
2022-02-25 21:50:58.393  INFO 17432 --- [RMI TCP Connection(3)-172.22.80.1] o.s.web.servlet.DispatcherServlet        : Initializing Servlet 'dispatcherServlet'
2022-02-25 21:50:58.396  INFO 17432 --- [RMI TCP Connection(3)-172.22.80.1] o.s.web.servlet.DispatcherServlet        : Completed initialization in 3 ms
2022-02-25 21:52:52.395  INFO 17432 --- [SpringApplicationShutdownHook] j.LocalContainerEntityManagerFactoryBean : Closing JPA EntityManagerFactory for persistence unit 'default'
2022-02-25 21:52:52.399  INFO 17432 --- [SpringApplicationShutdownHook] com.zaxxer.hikari.HikariDataSource       : HikariPool-1 - Shutdown initiated...
2022-02-25 21:52:52.413  INFO 17432 --- [SpringApplicationShutdownHook] com.zaxxer.hikari.HikariDataSource       : HikariPool-1 - Shutdown completed.
2022-02-25 21:52:57.236  INFO 19320 --- [restartedMain] c.banktemplate.BankTemplateApplication   : Starting BankTemplateApplication using Java 11.0.12 on MSKK-YGB-LT7066 with PID 19320 (C:\Users\huseyin.ceylan\Java Spring\BankTemplate\target\classes started by huseyin.ceylan in C:\Users\huseyin.ceylan\Java Spring\BankTemplate)
2022-02-25 21:52:57.237  INFO 19320 --- [restartedMain] c.banktemplate.BankTemplateApplication   : No active profile set, falling back to default profiles: default
2022-02-25 21:52:57.300  INFO 19320 --- [restartedMain] .e.DevToolsPropertyDefaultsPostProcessor : Devtools property defaults active! Set 'spring.devtools.add-properties' to 'false' to disable
2022-02-25 21:52:57.300  INFO 19320 --- [restartedMain] .e.DevToolsPropertyDefaultsPostProcessor : For additional web related logging consider setting the 'logging.level.web' property to 'DEBUG'
2022-02-25 21:52:58.379  INFO 19320 --- [restartedMain] .s.d.r.c.RepositoryConfigurationDelegate : Bootstrapping Spring Data JPA repositories in DEFAULT mode.
2022-02-25 21:52:58.428  INFO 19320 --- [restartedMain] .s.d.r.c.RepositoryConfigurationDelegate : Finished Spring Data repository scanning in 40 ms. Found 1 JPA repository interfaces.
2022-02-25 21:52:58.957  INFO 19320 --- [restartedMain] o.s.b.w.embedded.tomcat.TomcatWebServer  : Tomcat initialized with port(s): 8090 (http)
2022-02-25 21:52:58.965  INFO 19320 --- [restartedMain] o.apache.catalina.core.StandardService   : Starting service [Tomcat]
2022-02-25 21:52:58.966  INFO 19320 --- [restartedMain] org.apache.catalina.core.StandardEngine  : Starting Servlet engine: [Apache Tomcat/9.0.56]
2022-02-25 21:52:59.077  INFO 19320 --- [restartedMain] o.a.c.c.C.[Tomcat].[localhost].[/]       : Initializing Spring embedded WebApplicationContext
2022-02-25 21:52:59.077  INFO 19320 --- [restartedMain] w.s.c.ServletWebServerApplicationContext : Root WebApplicationContext: initialization completed in 1776 ms
2022-02-25 21:52:59.286  INFO 19320 --- [restartedMain] com.zaxxer.hikari.HikariDataSource       : HikariPool-1 - Starting...
2022-02-25 21:52:59.621  INFO 19320 --- [restartedMain] com.zaxxer.hikari.HikariDataSource       : HikariPool-1 - Start completed.
2022-02-25 21:52:59.674  INFO 19320 --- [restartedMain] o.hibernate.jpa.internal.util.LogHelper  : HHH000204: Processing PersistenceUnitInfo [name: default]
2022-02-25 21:52:59.728  INFO 19320 --- [restartedMain] org.hibernate.Version                    : HHH000412: Hibernate ORM core version 5.6.4.Final
2022-02-25 21:52:59.894  INFO 19320 --- [restartedMain] o.hibernate.annotations.common.Version   : HCANN000001: Hibernate Commons Annotations {5.1.2.Final}
2022-02-25 21:53:00.036  INFO 19320 --- [restartedMain] org.hibernate.dialect.Dialect            : HHH000400: Using dialect: org.hibernate.dialect.MySQL5Dialect
2022-02-25 21:53:00.732  INFO 19320 --- [restartedMain] o.h.e.t.j.p.i.JtaPlatformInitiator       : HHH000490: Using JtaPlatform implementation: [org.hibernate.engine.transaction.jta.platform.internal.NoJtaPlatform]
2022-02-25 21:53:00.746  INFO 19320 --- [restartedMain] j.LocalContainerEntityManagerFactoryBean : Initialized JPA EntityManagerFactory for persistence unit 'default'
2022-02-25 21:53:01.227  WARN 19320 --- [restartedMain] JpaBaseConfiguration$JpaWebConfiguration : spring.jpa.open-in-view is enabled by default. Therefore, database queries may be performed during view rendering. Explicitly configure spring.jpa.open-in-view to disable this warning
2022-02-25 21:53:02.221  INFO 19320 --- [restartedMain] o.s.b.d.a.OptionalLiveReloadServer       : LiveReload server is running on port 35729
2022-02-25 21:53:02.230  INFO 19320 --- [restartedMain] o.s.b.a.e.web.EndpointLinksResolver      : Exposing 1 endpoint(s) beneath base path '/actuator'
2022-02-25 21:53:02.308  INFO 19320 --- [restartedMain] o.s.b.w.embedded.tomcat.TomcatWebServer  : Tomcat started on port(s): 8090 (http) with context path ''
2022-02-25 21:53:02.344  INFO 19320 --- [restartedMain] c.banktemplate.BankTemplateApplication   : Started BankTemplateApplication in 5.825 seconds (JVM running for 7.797)
2022-02-25 21:53:02.486  INFO 19320 --- [http-nio-8090-exec-1] o.a.c.c.C.[Tomcat].[localhost].[/]       : Initializing Spring DispatcherServlet 'dispatcherServlet'
2022-02-25 21:53:02.487  INFO 19320 --- [http-nio-8090-exec-1] o.s.web.servlet.DispatcherServlet        : Initializing Servlet 'dispatcherServlet'
2022-02-25 21:53:02.490  INFO 19320 --- [http-nio-8090-exec-1] o.s.web.servlet.DispatcherServlet        : Completed initialization in 3 ms
